This is pdfTeX, Version 3.1415926-1.40.10 (MiKTeX 2.8) (preloaded format=pdflatex 2012.1.6)  19 MAY 2012 13:22
entering extended mode
**nenja.tex
(H:\home\nenja\nenja.tex
LaTeX2e <2009/09/24>
Babel <v3.8l> and hyphenation patterns for english, dumylang, nohyphenation, ge
rman, ngerman, german-x-2009-06-19, ngerman-x-2009-06-19, french, loaded.
("C:\Program Files\MiKTeX 2.8\tex\latex\base\article.cls"
Document Class: article 2007/10/19 v1.4h Standard LaTeX document class
("C:\Program Files\MiKTeX 2.8\tex\latex\base\size10.clo"
File: size10.clo 2007/10/19 v1.4h Standard LaTeX file (size option)
)
\c@part=\count79
\c@section=\count80
\c@subsection=\count81
\c@subsubsection=\count82
\c@paragraph=\count83
\c@subparagraph=\count84
\c@figure=\count85
\c@table=\count86
\abovecaptionskip=\skip41
\belowcaptionskip=\skip42
\bibindent=\dimen102
)
("C:\Program Files\MiKTeX 2.8\tex\latex\tools\enumerate.sty"
Package: enumerate 1999/03/05 v3.00 enumerate extensions (DPC)
\@enLab=\toks14
)
(C:\Users\Brent\AppData\Roaming\MiKTeX\2.8\tex\latex\preprint\fullpage.sty
Package: fullpage 1999/02/23 1.1 (PWD)
\FP@margin=\skip43
)
(H:\home\nenja\nenja.aux)
LaTeX Font Info:    Checking defaults for OML/cmm/m/it on input line 8.
LaTeX Font Info:    ... okay on input line 8.
LaTeX Font Info:    Checking defaults for T1/cmr/m/n on input line 8.
LaTeX Font Info:    ... okay on input line 8.
LaTeX Font Info:    Checking defaults for OT1/cmr/m/n on input line 8.
LaTeX Font Info:    ... okay on input line 8.
LaTeX Font Info:    Checking defaults for OMS/cmsy/m/n on input line 8.
LaTeX Font Info:    ... okay on input line 8.
LaTeX Font Info:    Checking defaults for OMX/cmex/m/n on input line 8.
LaTeX Font Info:    ... okay on input line 8.
LaTeX Font Info:    Checking defaults for U/cmr/m/n on input line 8.
LaTeX Font Info:    ... okay on input line 8.
LaTeX Font Info:    External font `cmex10' loaded for size
(Font)              <12> on input line 9.
LaTeX Font Info:    External font `cmex10' loaded for size
(Font)              <8> on input line 9.
LaTeX Font Info:    External font `cmex10' loaded for size
(Font)              <6> on input line 9.
 (H:\home\nenja\nenja.toc)
\tf@toc=\write3
 [1

{C:/Users/Brent/AppData/Local/MiKTeX/2.8/pdftex/config/pdftex.map}] [2] (H:\hom
e\nenja\nenja.aux) ) 
Here is how much of TeX's memory you used:
 278 strings out of 495285
 3252 string characters out of 3180395
 47391 words of memory out of 3000000
 3540 multiletter control sequences out of 15000+200000
 7887 words of font info for 28 fonts, out of 3000000 for 9000
 14 hyphenation exceptions out of 8191
 23i,6n,19p,283b,187s stack positions out of 5000i,500n,10000p,200000b,50000s
<C:/Program Files/MiKTeX 2.8/fonts/type1/public/amsfonts/cm
/cmbx10.pfb><C:/Program Files/MiKTeX 2.8/fonts/type1/public/amsfonts/cm/cmbx12.
pfb><C:/Program Files/MiKTeX 2.8/fonts/type1/public/amsfonts/cm/cmr10.pfb><C:/P
rogram Files/MiKTeX 2.8/fonts/type1/public/amsfonts/cm/cmr12.pfb><C:/Program Fi
les/MiKTeX 2.8/fonts/type1/public/amsfonts/cm/cmr17.pfb><C:/Program Files/MiKTe
X 2.8/fonts/type1/public/amsfonts/cm/cmr9.pfb>
Output written on nenja.pdf (2 pages, 73100 bytes).
PDF statistics:
 33 PDF objects out of 1000 (max. 8388607)
 0 named destinations out of 1000 (max. 500000)
 1 words of extra memory for PDF output out of 10000 (max. 10000000)

